ERROR 2019-09-11 10:26:33,275 t_dg 19 111111111111111
INFO 2019-09-11 10:36:36,048 autoreload 597 Watching for file changes with StatReloader
INFO 2019-09-11 10:37:13,968 basehttp 154 "GET / HTTP/1.1" 200 16286
INFO 2019-09-11 10:37:17,093 basehttp 154 "GET / HTTP/1.1" 200 16286
INFO 2019-09-11 10:37:45,763 autoreload 597 Watching for file changes with StatReloader
INFO 2019-09-11 10:37:49,331 basehttp 154 "GET / HTTP/1.1" 200 16286
INFO 2019-09-11 10:37:55,744 basehttp 154 "GET / HTTP/1.1" 200 16286
WARNING 2019-09-11 10:38:02,692 log 228 Not Found: /1
WARNING 2019-09-11 10:38:02,693 basehttp 154 "GET /1 HTTP/1.1" 404 1944
INFO 2019-09-11 10:39:10,093 autoreload 217 C:\Users\oldboy\Desktop\luffy\luffyapi\luffyapi\settings\dev.py changed, reloading.
INFO 2019-09-11 10:39:10,955 autoreload 597 Watching for file changes with StatReloader
INFO 2019-09-11 10:39:16,262 autoreload 597 Watching for file changes with StatReloader
WARNING 2019-09-11 10:39:23,555 log 228 Not Found: /1
WARNING 2019-09-11 10:39:23,556 basehttp 154 "GET /1 HTTP/1.1" 404 1944
INFO 2019-09-11 10:39:45,586 autoreload 597 Watching for file changes with StatReloader
INFO 2019-09-11 10:40:00,783 autoreload 217 C:\Users\oldboy\Desktop\luffy\luffyapi\luffyapi\settings\dev.py changed, reloading.
INFO 2019-09-11 10:40:01,515 autoreload 597 Watching for file changes with StatReloader
INFO 2019-09-11 10:40:09,682 autoreload 597 Watching for file changes with StatReloader
WARNING 2019-09-11 10:40:14,679 log 228 Not Found: /1
WARNING 2019-09-11 10:40:14,680 basehttp 154 "GET /1 HTTP/1.1" 404 1944
INFO 2019-09-11 11:03:53,074 autoreload 597 Watching for file changes with StatReloader
INFO 2019-09-11 11:04:03,509 autoreload 597 Watching for file changes with StatReloader
INFO 2019-09-11 11:04:39,910 autoreload 597 Watching for file changes with StatReloader
INFO 2019-09-11 11:16:55,504 autoreload 597 Watching for file changes with StatReloader
INFO 2019-09-11 12:17:48,374 autoreload 597 Watching for file changes with StatReloader
WARNING 2019-09-11 12:17:50,638 log 228 Not Found: /
WARNING 2019-09-11 12:17:50,639 basehttp 154 "GET / HTTP/1.1" 404 2047
WARNING 2019-09-11 12:17:50,700 log 228 Not Found: /favicon.ico
WARNING 2019-09-11 12:17:50,701 basehttp 154 "GET /favicon.ico HTTP/1.1" 404 2098
INFO 2019-09-11 12:18:10,866 basehttp 154 "GET /media/icon/default.png HTTP/1.1" 200 37889
INFO 2019-09-11 15:12:04,405 autoreload 217 C:\Users\oldboy\Desktop\luffy\luffyapi\luffyapi\settings\dev.py changed, reloading.
INFO 2019-09-11 15:12:05,275 autoreload 597 Watching for file changes with StatReloader
INFO 2019-09-11 15:13:30,143 autoreload 217 C:\Users\oldboy\Desktop\luffy\luffyapi\luffyapi\urls.py changed, reloading.
INFO 2019-09-11 15:13:30,843 autoreload 597 Watching for file changes with StatReloader
INFO 2019-09-11 15:13:33,526 autoreload 217 C:\Users\oldboy\Desktop\luffy\luffyapi\luffyapi\urls.py changed, reloading.
INFO 2019-09-11 15:13:34,203 autoreload 597 Watching for file changes with StatReloader
INFO 2019-09-11 15:14:06,630 autoreload 217 C:\Users\oldboy\Desktop\luffy\luffyapi\luffyapi\apps\home\models.py changed, reloading.
INFO 2019-09-11 15:14:07,391 autoreload 597 Watching for file changes with StatReloader
INFO 2019-09-11 15:21:09,228 autoreload 217 C:\Users\oldboy\Desktop\luffy\luffyapi\luffyapi\apps\home\models.py changed, reloading.
INFO 2019-09-11 15:21:09,953 autoreload 597 Watching for file changes with StatReloader
INFO 2019-09-11 15:21:27,653 autoreload 217 C:\Users\oldboy\Desktop\luffy\luffyapi\luffyapi\apps\home\models.py changed, reloading.
INFO 2019-09-11 15:21:28,354 autoreload 597 Watching for file changes with StatReloader
INFO 2019-09-11 15:22:59,982 autoreload 217 C:\Users\oldboy\Desktop\luffy\luffyapi\luffyapi\apps\home\models.py changed, reloading.
INFO 2019-09-11 15:23:00,706 autoreload 597 Watching for file changes with StatReloader
INFO 2019-09-11 15:23:09,249 autoreload 217 C:\Users\oldboy\Desktop\luffy\luffyapi\luffyapi\apps\home\models.py changed, reloading.
INFO 2019-09-11 15:23:10,153 autoreload 597 Watching for file changes with StatReloader
INFO 2019-09-11 15:24:23,713 autoreload 217 C:\Users\oldboy\Desktop\luffy\luffyapi\luffyapi\apps\home\models.py changed, reloading.
INFO 2019-09-11 15:24:24,445 autoreload 597 Watching for file changes with StatReloader
INFO 2019-09-11 15:26:22,011 autoreload 217 C:\Users\oldboy\Desktop\luffy\luffyapi\luffyapi\apps\home\models.py changed, reloading.
INFO 2019-09-11 15:26:22,720 autoreload 597 Watching for file changes with StatReloader
INFO 2019-09-11 15:26:27,035 autoreload 217 C:\Users\oldboy\Desktop\luffy\luffyapi\luffyapi\apps\home\models.py changed, reloading.
INFO 2019-09-11 15:26:27,832 autoreload 597 Watching for file changes with StatReloader
INFO 2019-09-11 15:26:29,330 autoreload 217 C:\Users\oldboy\Desktop\luffy\luffyapi\luffyapi\apps\home\models.py changed, reloading.
INFO 2019-09-11 15:26:30,023 autoreload 597 Watching for file changes with StatReloader
INFO 2019-09-11 15:43:25,676 autoreload 217 C:\Users\oldboy\Desktop\luffy\luffyapi\luffyapi\apps\home\urls.py changed, reloading.
INFO 2019-09-11 15:43:26,517 autoreload 597 Watching for file changes with StatReloader
INFO 2019-09-11 15:44:36,145 autoreload 217 C:\Users\oldboy\Desktop\luffy\luffyapi\luffyapi\apps\home\views.py changed, reloading.
INFO 2019-09-11 15:44:36,903 autoreload 597 Watching for file changes with StatReloader
INFO 2019-09-11 15:45:23,432 autoreload 217 C:\Users\oldboy\Desktop\luffy\luffyapi\luffyapi\apps\home\views.py changed, reloading.
INFO 2019-09-11 15:45:24,139 autoreload 597 Watching for file changes with StatReloader
INFO 2019-09-11 15:45:33,998 autoreload 217 C:\Users\oldboy\Desktop\luffy\luffyapi\luffyapi\apps\home\views.py changed, reloading.
INFO 2019-09-11 15:45:34,674 autoreload 597 Watching for file changes with StatReloader
INFO 2019-09-11 15:45:43,312 autoreload 217 C:\Users\oldboy\Desktop\luffy\luffyapi\luffyapi\apps\home\urls.py changed, reloading.
INFO 2019-09-11 15:45:44,007 autoreload 597 Watching for file changes with StatReloader
INFO 2019-09-11 15:46:20,342 basehttp 154 "GET /home/banners HTTP/1.1" 301 0
INFO 2019-09-11 15:46:20,426 basehttp 154 "GET /home/banners/ HTTP/1.1" 200 2
INFO 2019-09-11 15:46:24,966 basehttp 154 "GET /home/banners/ HTTP/1.1" 200 2
WARNING 2019-09-11 15:46:28,676 log 228 Not Found: /home/banners/1
WARNING 2019-09-11 15:46:28,677 basehttp 154 "GET /home/banners/1 HTTP/1.1" 404 2267
INFO 2019-09-11 15:46:34,503 basehttp 154 "GET /home/banners/ HTTP/1.1" 200 2
INFO 2019-09-11 15:54:10,240 autoreload 217 C:\Users\oldboy\Desktop\luffy\luffyapi\luffyapi\settings\dev.py changed, reloading.
INFO 2019-09-11 15:54:11,692 autoreload 597 Watching for file changes with StatReloader
INFO 2019-09-11 15:57:10,333 autoreload 217 C:\Users\oldboy\Desktop\luffy\luffyapi\luffyapi\urls.py changed, reloading.
INFO 2019-09-11 15:57:11,413 autoreload 597 Watching for file changes with StatReloader
WARNING 2019-09-11 15:57:19,832 log 228 Not Found: /
WARNING 2019-09-11 15:57:19,833 basehttp 154 "GET / HTTP/1.1" 404 2153
INFO 2019-09-11 15:57:27,871 basehttp 154 "GET /xadmin HTTP/1.1" 301 0
INFO 2019-09-11 15:57:28,050 basehttp 154 "GET /xadmin/ HTTP/1.1" 200 4151
INFO 2019-09-11 15:57:28,067 basehttp 154 "GET /static/xadmin/css/themes/bootstrap-xadmin.css HTTP/1.1" 200 1888
INFO 2019-09-11 15:57:28,068 basehttp 154 "GET /static/xadmin/vendor/bootstrap/css/bootstrap.css HTTP/1.1" 200 126432
INFO 2019-09-11 15:57:28,084 basehttp 154 "GET /xadmin/jsi18n/ HTTP/1.1" 200 4158
INFO 2019-09-11 15:57:28,087 basehttp 154 "GET /static/xadmin/vendor/jquery-ui/jquery.ui.core.js HTTP/1.1" 200 8195
INFO 2019-09-11 15:57:28,087 basehttp 154 "GET /static/xadmin/vendor/jquery/jquery.js HTTP/1.1" 200 240196
INFO 2019-09-11 15:57:28,091 basehttp 154 "GET /static/xadmin/css/xadmin.main.css HTTP/1.1" 200 8376
INFO 2019-09-11 15:57:28,091 basehttp 154 "GET /static/xadmin/vendor/font-awesome/css/font-awesome.css HTTP/1.1" 200 21658
INFO 2019-09-11 15:57:28,094 basehttp 154 "GET /static/xadmin/vendor/jquery-ui/jquery.ui.widget.js HTTP/1.1" 200 15069
INFO 2019-09-11 15:57:28,107 basehttp 154 "GET /static/xadmin/vendor/jquery-ui/jquery.ui.sortable.js HTTP/1.1" 200 42543
INFO 2019-09-11 15:57:28,108 basehttp 154 "GET /static/xadmin/vendor/jquery-ui/jquery.ui.mouse.js HTTP/1.1" 200 4561
INFO 2019-09-11 15:57:28,111 basehttp 154 "GET /static/xadmin/js/xadmin.main.js HTTP/1.1" 200 3401
INFO 2019-09-11 15:57:28,114 basehttp 154 "GET /static/xadmin/vendor/bootstrap/js/bootstrap.js HTTP/1.1" 200 58327
INFO 2019-09-11 15:57:28,127 basehttp 154 "GET /static/xadmin/css/xadmin.responsive.css HTTP/1.1" 200 4361
INFO 2019-09-11 15:57:28,128 basehttp 154 "GET /static/xadmin/css/xadmin.plugins.css HTTP/1.1" 200 175
INFO 2019-09-11 15:57:28,130 basehttp 154 "GET /static/xadmin/js/xadmin.responsive.js HTTP/1.1" 200 4165
INFO 2019-09-11 15:57:28,168 basehttp 154 "GET /static/xadmin/vendor/font-awesome/fonts/fontawesome-webfont.woff?v=4.0.3 HTTP/1.1" 200 44432
INFO 2019-09-11 15:57:36,908 basehttp 154 "POST /xadmin/ HTTP/1.1" 302 0
INFO 2019-09-11 15:57:37,029 basehttp 154 "GET /xadmin/ HTTP/1.1" 200 10155
INFO 2019-09-11 15:57:37,059 basehttp 154 "GET /static/xadmin/css/xadmin.page.dashboard.css HTTP/1.1" 200 790
INFO 2019-09-11 15:57:37,060 basehttp 154 "GET /static/xadmin/js/xadmin.page.dashboard.js HTTP/1.1" 200 3208
INFO 2019-09-11 15:57:37,061 basehttp 154 "GET /static/xadmin/js/xadmin.plugin.portal.js HTTP/1.1" 200 1000
INFO 2019-09-11 15:57:37,131 basehttp 154 "GET /xadmin/jsi18n/ HTTP/1.1" 200 7722
INFO 2019-09-11 15:59:18,504 basehttp 154 "GET /xadmin/ HTTP/1.1" 200 10155
INFO 2019-09-11 15:59:18,530 basehttp 154 "GET /static/xadmin/css/xadmin.plugins.css HTTP/1.1" 304 0
INFO 2019-09-11 15:59:18,531 basehttp 154 "GET /static/xadmin/css/themes/bootstrap-xadmin.css HTTP/1.1" 304 0
INFO 2019-09-11 15:59:18,531 basehttp 154 "GET /static/xadmin/css/xadmin.responsive.css HTTP/1.1" 304 0
INFO 2019-09-11 15:59:18,531 basehttp 154 "GET /static/xadmin/vendor/font-awesome/css/font-awesome.css HTTP/1.1" 304 0
INFO 2019-09-11 15:59:18,532 basehttp 154 "GET /static/xadmin/vendor/bootstrap/css/bootstrap.css HTTP/1.1" 304 0
INFO 2019-09-11 15:59:18,533 basehttp 154 "GET /static/xadmin/css/xadmin.main.css HTTP/1.1" 304 0
INFO 2019-09-11 15:59:18,544 basehttp 154 "GET /static/xadmin/css/xadmin.page.dashboard.css HTTP/1.1" 304 0
INFO 2019-09-11 15:59:18,546 basehttp 154 "GET /static/xadmin/vendor/jquery/jquery.js HTTP/1.1" 304 0
INFO 2019-09-11 15:59:18,547 basehttp 154 "GET /static/xadmin/vendor/jquery-ui/jquery.ui.core.js HTTP/1.1" 304 0
INFO 2019-09-11 15:59:18,547 basehttp 154 "GET /static/xadmin/vendor/jquery-ui/jquery.ui.widget.js HTTP/1.1" 304 0
INFO 2019-09-11 15:59:18,548 basehttp 154 "GET /static/xadmin/vendor/jquery-ui/jquery.ui.mouse.js HTTP/1.1" 304 0
INFO 2019-09-11 15:59:18,554 basehttp 154 "GET /xadmin/jsi18n/ HTTP/1.1" 200 7722
INFO 2019-09-11 15:59:18,558 basehttp 154 "GET /static/xadmin/vendor/jquery-ui/jquery.ui.sortable.js HTTP/1.1" 304 0
INFO 2019-09-11 15:59:18,560 basehttp 154 "GET /static/xadmin/vendor/bootstrap/js/bootstrap.js HTTP/1.1" 304 0
INFO 2019-09-11 15:59:18,561 basehttp 154 "GET /static/xadmin/js/xadmin.main.js HTTP/1.1" 304 0
INFO 2019-09-11 15:59:18,561 basehttp 154 "GET /static/xadmin/js/xadmin.responsive.js HTTP/1.1" 304 0
INFO 2019-09-11 15:59:18,561 basehttp 154 "GET /static/xadmin/js/xadmin.page.dashboard.js HTTP/1.1" 304 0
INFO 2019-09-11 15:59:18,562 basehttp 154 "GET /static/xadmin/js/xadmin.plugin.portal.js HTTP/1.1" 304 0
INFO 2019-09-11 15:59:19,867 basehttp 154 "GET /xadmin/ HTTP/1.1" 200 10155
INFO 2019-09-11 15:59:19,888 basehttp 154 "GET /xadmin/jsi18n/ HTTP/1.1" 200 7722
INFO 2019-09-11 15:59:20,404 basehttp 154 "GET /xadmin/ HTTP/1.1" 200 10155
INFO 2019-09-11 15:59:20,420 basehttp 154 "GET /xadmin/jsi18n/ HTTP/1.1" 200 7722
INFO 2019-09-11 15:59:23,131 basehttp 154 "GET /xadmin/ HTTP/1.1" 200 10155
INFO 2019-09-11 15:59:23,151 basehttp 154 "GET /xadmin/jsi18n/ HTTP/1.1" 200 7722
INFO 2019-09-11 15:59:33,956 autoreload 597 Watching for file changes with StatReloader
INFO 2019-09-11 15:59:37,060 basehttp 154 "GET /xadmin/ HTTP/1.1" 200 10897
INFO 2019-09-11 15:59:37,087 basehttp 154 "GET /xadmin/jsi18n/ HTTP/1.1" 200 7722
INFO 2019-09-11 15:59:38,992 basehttp 154 "GET /xadmin/home/banner/ HTTP/1.1" 200 20771
INFO 2019-09-11 15:59:39,003 basehttp 154 "GET /static/xadmin/css/xadmin.form.css HTTP/1.1" 200 3763
INFO 2019-09-11 15:59:39,007 basehttp 154 "GET /static/xadmin/js/xadmin.plugin.details.js HTTP/1.1" 200 2319
INFO 2019-09-11 15:59:39,014 basehttp 154 "GET /static/xadmin/js/xadmin.page.form.js HTTP/1.1" 200 1948
INFO 2019-09-11 15:59:39,019 basehttp 154 "GET /static/xadmin/js/xadmin.plugin.bookmark.js HTTP/1.1" 200 529
INFO 2019-09-11 15:59:39,021 basehttp 154 "GET /static/xadmin/js/xadmin.plugin.filters.js HTTP/1.1" 200 1990
INFO 2019-09-11 15:59:39,030 basehttp 154 "GET /xadmin/jsi18n/ HTTP/1.1" 200 7722
INFO 2019-09-11 15:59:39,033 basehttp 154 "GET /static/xadmin/js/xadmin.page.list.js HTTP/1.1" 200 1105
INFO 2019-09-11 16:01:10,224 autoreload 217 C:\Users\oldboy\Desktop\luffy\luffyapi\luffyapi\apps\home\adminx.py changed, reloading.
INFO 2019-09-11 16:01:11,417 autoreload 597 Watching for file changes with StatReloader
INFO 2019-09-11 16:01:27,011 basehttp 154 "GET /xadmin/user/user/ HTTP/1.1" 200 32710
INFO 2019-09-11 16:01:27,038 basehttp 154 "GET /static/xadmin/vendor/bootstrap/css/bootstrap.css HTTP/1.1" 304 0
INFO 2019-09-11 16:01:27,046 basehttp 154 "GET /static/xadmin/js/xadmin.plugin.actions.js HTTP/1.1" 200 4198
INFO 2019-09-11 16:01:27,050 basehttp 154 "GET /static/xadmin/css/xadmin.responsive.css HTTP/1.1" 304 0
INFO 2019-09-11 16:01:27,052 basehttp 154 "GET /static/xadmin/css/xadmin.form.css HTTP/1.1" 304 0
INFO 2019-09-11 16:01:27,058 basehttp 154 "GET /static/xadmin/vendor/jquery/jquery.js HTTP/1.1" 304 0
INFO 2019-09-11 16:01:27,067 basehttp 154 "GET /xadmin/jsi18n/ HTTP/1.1" 200 7722
INFO 2019-09-11 16:01:27,071 basehttp 154 "GET /static/xadmin/vendor/jquery-ui/jquery.ui.core.js HTTP/1.1" 304 0
INFO 2019-09-11 16:01:27,074 basehttp 154 "GET /static/xadmin/vendor/jquery-ui/jquery.ui.widget.js HTTP/1.1" 304 0
INFO 2019-09-11 16:01:27,077 basehttp 154 "GET /static/xadmin/vendor/jquery-ui/jquery.ui.mouse.js HTTP/1.1" 304 0
INFO 2019-09-11 16:01:27,077 basehttp 154 "GET /static/xadmin/css/themes/bootstrap-xadmin.css HTTP/1.1" 304 0
INFO 2019-09-11 16:01:27,078 basehttp 154 "GET /static/xadmin/vendor/jquery-ui/jquery.ui.sortable.js HTTP/1.1" 304 0
INFO 2019-09-11 16:01:27,081 basehttp 154 "GET /static/xadmin/js/xadmin.main.js HTTP/1.1" 304 0
INFO 2019-09-11 16:01:27,080 basehttp 154 "GET /static/xadmin/vendor/font-awesome/css/font-awesome.css HTTP/1.1" 304 0
INFO 2019-09-11 16:01:27,085 basehttp 154 "GET /static/xadmin/css/xadmin.plugins.css HTTP/1.1" 304 0
INFO 2019-09-11 16:01:27,082 basehttp 154 "GET /static/xadmin/css/xadmin.main.css HTTP/1.1" 304 0
INFO 2019-09-11 16:01:27,088 basehttp 154 "GET /static/xadmin/js/xadmin.responsive.js HTTP/1.1" 304 0
INFO 2019-09-11 16:01:27,090 basehttp 154 "GET /static/xadmin/js/xadmin.plugin.bookmark.js HTTP/1.1" 304 0
INFO 2019-09-11 16:01:27,094 basehttp 154 "GET /static/xadmin/js/xadmin.page.form.js HTTP/1.1" 304 0
INFO 2019-09-11 16:01:27,094 basehttp 154 "GET /static/xadmin/js/xadmin.plugin.details.js HTTP/1.1" 304 0
INFO 2019-09-11 16:01:27,095 basehttp 154 "GET /static/xadmin/js/xadmin.plugin.filters.js HTTP/1.1" 304 0
INFO 2019-09-11 16:01:27,096 basehttp 154 "GET /static/xadmin/vendor/bootstrap/js/bootstrap.js HTTP/1.1" 304 0
INFO 2019-09-11 16:01:27,097 basehttp 154 "GET /static/xadmin/js/xadmin.page.list.js HTTP/1.1" 304 0
INFO 2019-09-11 16:01:32,769 basehttp 154 "GET /xadmin/home/banner/ HTTP/1.1" 200 22700
INFO 2019-09-11 16:01:34,077 basehttp 154 "GET /xadmin/user/user/ HTTP/1.1" 200 32710
INFO 2019-09-11 16:01:36,227 basehttp 154 "GET /xadmin/home/banner/ HTTP/1.1" 200 22700
INFO 2019-09-11 16:02:13,572 basehttp 154 "GET /xadmin/home/banner/add/ HTTP/1.1" 200 18230
INFO 2019-09-11 16:02:13,589 basehttp 154 "GET /static/xadmin/vendor/bootstrap-image-gallery/css/bootstrap-image-gallery.css HTTP/1.1" 200 3339
INFO 2019-09-11 16:02:13,592 basehttp 154 "GET /xadmin/jsi18n/ HTTP/1.1" 200 7722
INFO 2019-09-11 16:02:13,599 basehttp 154 "GET /static/xadmin/js/xadmin.plugin.portal.js HTTP/1.1" 304 0
INFO 2019-09-11 16:02:13,599 basehttp 154 "GET /static/xadmin/vendor/bootstrap-image-gallery/js/bootstrap-image-gallery.js HTTP/1.1" 200 15611
INFO 2019-09-11 16:02:13,600 basehttp 154 "GET /static/xadmin/vendor/load-image/load-image.js HTTP/1.1" 200 8309
INFO 2019-09-11 16:03:14,513 basehttp 154 "POST /xadmin/home/banner/add/ HTTP/1.1" 302 0
INFO 2019-09-11 16:03:14,585 basehttp 154 "GET /xadmin/home/banner/add/ HTTP/1.1" 200 18580
INFO 2019-09-11 16:03:14,609 basehttp 154 "GET /static/xadmin/vendor/bootstrap/css/bootstrap.css HTTP/1.1" 304 0
INFO 2019-09-11 16:03:14,612 basehttp 154 "GET /static/xadmin/css/themes/bootstrap-xadmin.css HTTP/1.1" 304 0
INFO 2019-09-11 16:03:14,613 basehttp 154 "GET /static/xadmin/vendor/font-awesome/css/font-awesome.css HTTP/1.1" 304 0
INFO 2019-09-11 16:03:14,613 basehttp 154 "GET /static/xadmin/css/xadmin.plugins.css HTTP/1.1" 304 0
INFO 2019-09-11 16:03:14,613 basehttp 154 "GET /static/xadmin/css/xadmin.main.css HTTP/1.1" 304 0
INFO 2019-09-11 16:03:14,613 basehttp 154 "GET /static/xadmin/css/xadmin.responsive.css HTTP/1.1" 304 0
INFO 2019-09-11 16:03:14,618 basehttp 154 "GET /static/xadmin/css/xadmin.form.css HTTP/1.1" 304 0
INFO 2019-09-11 16:03:14,621 basehttp 154 "GET /static/xadmin/vendor/jquery/jquery.js HTTP/1.1" 304 0
INFO 2019-09-11 16:03:14,632 basehttp 154 "GET /xadmin/jsi18n/ HTTP/1.1" 200 7722
INFO 2019-09-11 16:03:14,633 basehttp 154 "GET /static/xadmin/vendor/jquery-ui/jquery.ui.core.js HTTP/1.1" 304 0
INFO 2019-09-11 16:03:14,634 basehttp 154 "GET /static/xadmin/vendor/jquery-ui/jquery.ui.widget.js HTTP/1.1" 304 0
INFO 2019-09-11 16:03:14,636 basehttp 154 "GET /static/xadmin/vendor/jquery-ui/jquery.ui.mouse.js HTTP/1.1" 304 0
INFO 2019-09-11 16:03:14,640 basehttp 154 "GET /static/xadmin/vendor/jquery-ui/jquery.ui.sortable.js HTTP/1.1" 304 0
INFO 2019-09-11 16:03:14,642 basehttp 154 "GET /static/xadmin/vendor/bootstrap/js/bootstrap.js HTTP/1.1" 304 0
INFO 2019-09-11 16:03:14,643 basehttp 154 "GET /static/xadmin/js/xadmin.main.js HTTP/1.1" 304 0
INFO 2019-09-11 16:03:14,644 basehttp 154 "GET /static/xadmin/js/xadmin.responsive.js HTTP/1.1" 304 0
INFO 2019-09-11 16:03:14,645 basehttp 154 "GET /static/xadmin/js/xadmin.page.form.js HTTP/1.1" 304 0
INFO 2019-09-11 16:03:35,686 basehttp 154 "POST /xadmin/home/banner/add/ HTTP/1.1" 302 0
INFO 2019-09-11 16:03:35,803 basehttp 154 "GET /xadmin/home/banner/ HTTP/1.1" 200 25136
INFO 2019-09-11 16:03:35,848 basehttp 154 "GET /static/xadmin/js/xadmin.page.list.js HTTP/1.1" 304 0
INFO 2019-09-11 16:03:35,849 basehttp 154 "GET /static/xadmin/js/xadmin.plugin.details.js HTTP/1.1" 304 0
INFO 2019-09-11 16:03:35,850 basehttp 154 "GET /static/xadmin/js/xadmin.plugin.bookmark.js HTTP/1.1" 304 0
INFO 2019-09-11 16:03:35,850 basehttp 154 "GET /static/xadmin/js/xadmin.plugin.filters.js HTTP/1.1" 304 0
INFO 2019-09-11 16:03:35,850 basehttp 154 "GET /static/xadmin/js/xadmin.plugin.actions.js HTTP/1.1" 304 0
INFO 2019-09-11 16:03:35,854 basehttp 154 "GET /xadmin/jsi18n/ HTTP/1.1" 200 7722
INFO 2019-09-11 16:03:43,179 basehttp 154 "GET /home/banners/ HTTP/1.1" 200 183
INFO 2019-09-11 16:03:53,361 basehttp 154 "GET /media/banner/banner2.png HTTP/1.1" 200 24322
INFO 2019-09-11 16:04:10,659 basehttp 154 "GET /xadmin/home/banner/add/ HTTP/1.1" 200 18230
INFO 2019-09-11 16:04:10,674 basehttp 154 "GET /static/xadmin/vendor/bootstrap-image-gallery/css/bootstrap-image-gallery.css HTTP/1.1" 304 0
INFO 2019-09-11 16:04:10,684 basehttp 154 "GET /static/xadmin/vendor/bootstrap-image-gallery/js/bootstrap-image-gallery.js HTTP/1.1" 304 0
INFO 2019-09-11 16:04:10,684 basehttp 154 "GET /static/xadmin/js/xadmin.plugin.portal.js HTTP/1.1" 304 0
INFO 2019-09-11 16:04:10,686 basehttp 154 "GET /static/xadmin/vendor/load-image/load-image.js HTTP/1.1" 304 0
INFO 2019-09-11 16:04:10,689 basehttp 154 "GET /xadmin/jsi18n/ HTTP/1.1" 200 7722
INFO 2019-09-11 16:04:59,528 basehttp 154 "GET /home/banners/ HTTP/1.1" 200 183
INFO 2019-09-11 16:07:01,072 basehttp 154 "GET /home/banners/ HTTP/1.1" 200 183
INFO 2019-09-11 16:07:11,047 basehttp 154 "GET /home/banners/ HTTP/1.1" 200 183
INFO 2019-09-11 16:08:39,919 autoreload 217 C:\Users\oldboy\Desktop\luffy\luffyapi\luffyapi\settings\dev.py changed, reloading.
INFO 2019-09-11 16:08:41,112 autoreload 597 Watching for file changes with StatReloader
INFO 2019-09-11 16:08:56,354 autoreload 217 C:\Users\oldboy\Desktop\luffy\luffyapi\luffyapi\settings\dev.py changed, reloading.
INFO 2019-09-11 16:08:57,488 autoreload 597 Watching for file changes with StatReloader
INFO 2019-09-11 16:09:22,570 autoreload 217 C:\Users\oldboy\Desktop\luffy\luffyapi\luffyapi\settings\dev.py changed, reloading.
INFO 2019-09-11 16:09:23,709 autoreload 597 Watching for file changes with StatReloader
INFO 2019-09-11 16:09:40,217 autoreload 217 C:\Users\oldboy\Desktop\luffy\luffyapi\luffyapi\settings\dev.py changed, reloading.
INFO 2019-09-11 16:09:41,539 autoreload 597 Watching for file changes with StatReloader
INFO 2019-09-11 16:09:46,929 basehttp 154 "GET /home/banners/ HTTP/1.1" 200 183
INFO 2019-09-11 16:10:01,038 basehttp 154 "GET /home/banners/ HTTP/1.1" 200 183
INFO 2019-09-11 16:10:03,674 basehttp 154 "GET /home/banners/ HTTP/1.1" 200 183
INFO 2019-09-11 16:10:15,662 autoreload 217 C:\Users\oldboy\Desktop\luffy\luffyapi\luffyapi\settings\dev.py changed, reloading.
INFO 2019-09-11 16:10:16,953 autoreload 597 Watching for file changes with StatReloader
INFO 2019-09-11 16:10:18,920 basehttp 154 "GET /home/banners/ HTTP/1.1" 200 183
INFO 2019-09-11 16:10:26,477 autoreload 217 C:\Users\oldboy\Desktop\luffy\luffyapi\luffyapi\settings\dev.py changed, reloading.
INFO 2019-09-11 16:10:27,732 autoreload 597 Watching for file changes with StatReloader
INFO 2019-09-11 16:10:39,578 autoreload 217 C:\Users\oldboy\Desktop\luffy\luffyapi\luffyapi\settings\dev.py changed, reloading.
INFO 2019-09-11 16:10:40,713 autoreload 597 Watching for file changes with StatReloader
INFO 2019-09-11 16:10:56,234 autoreload 217 C:\Users\oldboy\Desktop\luffy\luffyapi\luffyapi\settings\dev.py changed, reloading.
INFO 2019-09-11 16:10:57,455 autoreload 597 Watching for file changes with StatReloader
INFO 2019-09-11 16:11:01,430 basehttp 154 "GET /home/banners/ HTTP/1.1" 200 183
INFO 2019-09-11 16:11:11,807 autoreload 217 C:\Users\oldboy\Desktop\luffy\luffyapi\luffyapi\settings\dev.py changed, reloading.
INFO 2019-09-11 16:11:12,894 autoreload 597 Watching for file changes with StatReloader
INFO 2019-09-11 16:11:18,520 basehttp 154 "GET /home/banners/ HTTP/1.1" 200 183
INFO 2019-09-11 16:11:23,906 basehttp 154 "GET /home/banners/ HTTP/1.1" 200 183
INFO 2019-09-11 16:11:33,381 autoreload 217 C:\Users\oldboy\Desktop\luffy\luffyapi\luffyapi\settings\dev.py changed, reloading.
INFO 2019-09-11 16:11:34,716 autoreload 597 Watching for file changes with StatReloader
INFO 2019-09-11 16:11:38,386 basehttp 154 "GET /home/banners/ HTTP/1.1" 200 183
INFO 2019-09-11 16:13:05,364 basehttp 154 "GET /home/banners/ HTTP/1.1" 200 183
INFO 2019-09-11 16:13:58,332 basehttp 154 "GET /home/banners/ HTTP/1.1" 200 183
INFO 2019-09-11 16:14:25,796 basehttp 154 "GET /home/banners/ HTTP/1.1" 200 183
INFO 2019-09-11 16:14:27,853 basehttp 154 "GET /home/banners/ HTTP/1.1" 200 183
INFO 2019-09-11 16:14:54,059 basehttp 154 "GET /media/banner/banner2.png HTTP/1.1" 200 24322
INFO 2019-09-11 16:14:54,061 basehttp 154 "GET /media/banner/banner1.png HTTP/1.1" 200 99518
INFO 2019-09-11 16:15:36,973 basehttp 154 "GET /home/banners/ HTTP/1.1" 200 183
INFO 2019-09-11 16:15:38,558 basehttp 154 "GET /home/banners/ HTTP/1.1" 200 183
INFO 2019-09-11 16:16:25,431 basehttp 154 "GET /home/banners/ HTTP/1.1" 200 183
INFO 2019-09-11 16:16:25,524 basehttp 154 "GET /media/banner/banner2.png HTTP/1.1" 304 0
INFO 2019-09-11 16:16:25,525 basehttp 154 "GET /media/banner/banner1.png HTTP/1.1" 304 0
INFO 2019-09-11 20:25:30,193 autoreload 597 Watching for file changes with StatReloader
INFO 2019-09-11 20:27:47,771 autoreload 597 Watching for file changes with StatReloader
INFO 2019-09-11 20:38:45,027 autoreload 597 Watching for file changes with StatReloader
INFO 2019-09-11 20:38:59,160 autoreload 597 Watching for file changes with StatReloader
INFO 2019-09-11 20:51:05,616 autoreload 217 F:\Virtualenvs\luffy\Lib\site-packages\django\db\backends\mysql\operations.py changed, reloading.
INFO 2019-09-11 20:51:07,653 autoreload 597 Watching for file changes with StatReloader
INFO 2019-09-11 20:51:38,149 autoreload 597 Watching for file changes with StatReloader
INFO 2019-09-11 21:31:50,774 autoreload 597 Watching for file changes with StatReloader
INFO 2019-09-11 21:42:14,101 autoreload 217 F:\luffy\luffyapi\luffyapi\settings\dev.py changed, reloading.
INFO 2019-09-11 21:42:15,827 autoreload 597 Watching for file changes with StatReloader
INFO 2019-09-11 21:42:34,101 autoreload 597 Watching for file changes with StatReloader
INFO 2019-09-11 21:44:52,160 autoreload 597 Watching for file changes with StatReloader
INFO 2019-09-11 21:46:54,122 autoreload 597 Watching for file changes with StatReloader
INFO 2019-09-11 21:47:31,808 autoreload 597 Watching for file changes with StatReloader
INFO 2019-09-11 21:48:16,802 autoreload 597 Watching for file changes with StatReloader
INFO 2019-09-17 08:34:01,832 autoreload 217 F:\luffy\luffyapi\luffyapi\settings\dev.py changed, reloading.
INFO 2019-09-17 08:34:03,847 autoreload 597 Watching for file changes with StatReloader
